To honour the JVM settings for this build a single-use Daemon process will be forked. For more on this, please refer to https://docs.gradle.org/9.4.1/userguide/gradle_daemon.html#sec:disabling_the_daemon in the Gradle documentation.
Daemon will be stopped at the end of the build 

> Configure project :app
Loading local release signing properties from C:\Users\Test\AndroidStudioProjects\satphone\release-signing.local.properties
Version 2405 - development - 0.94-pre-33-gee5da1d0-dirty
Unsigned release explicitly allowed for local dry run (--project-prop allow.unsigned.release=true)
Skipping pandoc task for CURRENT-RELEASE.md - pandoc not available
Skipping pandoc task for CREDITS.md - pandoc not available
Skipping pandoc task for LICENSE-SOFTWARE.md - pandoc not available
Skipping pandoc task for CC-BY-4.0.md - pandoc not available
Skipping pandoc task for PRIVACY.md - pandoc not available
Skipping pandoc task for CURRENT-RELEASE.md - pandoc not available
Skipping pandoc task for CREDITS.md - pandoc not available
Skipping pandoc task for LICENSE-SOFTWARE.md - pandoc not available
Skipping pandoc task for CC-BY-4.0.md - pandoc not available
Skipping pandoc task for PRIVACY.md - pandoc not available

> Task :app:preBuild UP-TO-DATE
> Task :app:preReleaseBuild UP-TO-DATE
> Task :app:configureNdkBuildRelease[arm64-v8a]
> Task :app:buildNdkBuildRelease[arm64-v8a]
> Task :app:configureNdkBuildRelease[armeabi-v7a]
> Task :app:buildNdkBuildRelease[armeabi-v7a]
> Task :app:mergeReleaseJniLibFolders UP-TO-DATE
> Task :app:mergeReleaseNativeLibs UP-TO-DATE
> Task :app:stripReleaseDebugSymbols UP-TO-DATE
> Task :app:extractReleaseNativeSymbolTables UP-TO-DATE
> Task :app:mergeReleaseNativeDebugMetadata UP-TO-DATE
> Task :app:checkReleaseDuplicateClasses UP-TO-DATE
> Task :app:generateReleaseBuildConfig UP-TO-DATE
> Task :app:generateReleaseResValues UP-TO-DATE
> Task :app:generateReleaseResources UP-TO-DATE
> Task :app:packageReleaseResources UP-TO-DATE
> Task :app:processReleaseNavigationResources UP-TO-DATE
> Task :app:parseReleaseLocalResources UP-TO-DATE
> Task :app:generateReleaseRFile UP-TO-DATE
> Task :app:compileReleaseKotlin NO-SOURCE
> Task :app:javaPreCompileRelease UP-TO-DATE
> Task :app:compileReleaseJavaWithJavac UP-TO-DATE
> Task :app:mergeReleaseArtProfile UP-TO-DATE
> Task :app:generateReleaseAssets UP-TO-DATE
> Task :app:mergeReleaseAssets UP-TO-DATE
> Task :app:assetManifestRelease
> Task :app:externalNativeBuildRelease
> Task :app:assetZipRelease
> Task :app:checkReleaseAarMetadata UP-TO-DATE
> Task :app:mapReleaseSourceSetPaths UP-TO-DATE
> Task :app:compileReleaseNavigationResources UP-TO-DATE
> Task :app:mergeReleaseResources UP-TO-DATE
> Task :app:createReleaseCompatibleScreenManifests UP-TO-DATE
> Task :app:extractDeepLinksRelease UP-TO-DATE
> Task :app:processReleaseMainManifest UP-TO-DATE
> Task :app:processReleaseManifest UP-TO-DATE
> Task :app:processReleaseManifestForPackage UP-TO-DATE
> Task :app:processReleaseResources UP-TO-DATE
> Task :app:expandReleaseArtProfileWildcards UP-TO-DATE
> Task :app:extractProguardFiles UP-TO-DATE
> Task :app:mergeReleaseGeneratedProguardFiles UP-TO-DATE
> Task :app:processReleaseJavaRes NO-SOURCE
> Task :app:mergeReleaseJavaResource UP-TO-DATE
> Task :app:mergeReleaseStartupProfile UP-TO-DATE
> Task :app:minifyReleaseWithR8 UP-TO-DATE
> Task :app:compileReleaseArtProfile UP-TO-DATE
> Task :app:compressReleaseAssets UP-TO-DATE
> Task :app:extractReleaseVersionControlInfo UP-TO-DATE
> Task :app:generateReleaseLintVitalReportModel UP-TO-DATE
> Task :app:lintVitalAnalyzeRelease

> Task :app:lintVitalReportRelease
Lint found no errors or warnings

511 errors/warnings were listed in the baseline file (C:\Users\Test\AndroidStudioProjects\satphone\app\lint-baseline.xml) but not found in the project; perhaps they have been fixed?

Note: The baseline was created using a different target/variant than it was checked against.
Creation variant: lint
Current variant: lintVitalRelease

> Task :app:lintVitalRelease
> Task :app:convertShrunkResourcesToBinaryRelease
> Task :app:optimizeReleaseResources
> Task :app:collectReleaseDependencies
> Task :app:sdkReleaseDependencyData
> Task :app:writeReleaseAppMetadata
> Task :app:writeReleaseSigningConfigVersions
> Task :app:packageRelease
> Task :app:createReleaseApkListingFileRedirect
> Task :app:assembleRelease

> Task :app:writeReleaseChecksums
Release checksums written to C:\Users\Test\AndroidStudioProjects\satphone\app\build\outputs\checksums\release\SHA256SUMS.txt

[Incubating] Problems report is available at: file:///C:/Users/Test/AndroidStudioProjects/satphone/build/reports/problems/problems-report.html

Deprecated Gradle features were used in this build, making it incompatible with Gradle 10.

You can use '--warning-mode all' to show the individual deprecation warnings and determine if they come from your own scripts or plugins.

For more on this, please refer to https://docs.gradle.org/9.4.1/userguide/command_line_interface.html#sec:command_line_warnings in the Gradle documentation.

BUILD SUCCESSFUL in 3m 46s
56 actionable tasks: 19 executed, 37 up-to-date
